[35m[Appium][39m Welcome to Appium v1.22.2
[35m[Appium][39m Non-default server args:
[35m[Appium][39m   port: 57084
[35m[Appium][39m   tmpDir: /var/folders/68/7jy289w14455jcz3rjfhwff80000gn/T//Katalon/Appium/Temp1669301634012
[35m[Appium][39m   chromedriverPort: 57085
[35m[Appium][39m Deprecated server args:
[35m[Appium][39m   [31m--chromedriver-port[39m => --default-capabilities
[35m[Appium][39m Default capabilities, which will be added to each request unless overridden by desired capabilities:
[35m[Appium][39m   chromedriverPort: 57085
[35m[Appium][39m Appium REST http interface listener started on 0.0.0.0:57084
[35m[HTTP][39m [37m-->[39m [37mGET[39m [37m/wd/hub/status[39m
[35m[HTTP][39m [90m{}[39m
[debug] [35m[GENERIC][39m Calling AppiumDriver.getStatus() with args: []
[debug] [35m[GENERIC][39m Responding to client with driver.getStatus() result: {"build":{"version":"1.22.2"}}
[35m[HTTP][39m [37m<-- GET /wd/hub/status [39m[32m200[39m [90m8 ms - 68[39m
[35m[HTTP][39m [90m[39m
[35m[HTTP][39m [37m-->[39m [37mGET[39m [37m/wd/hub/status[39m
[35m[HTTP][39m [90m{}[39m
[debug] [35m[GENERIC][39m Calling AppiumDriver.getStatus() with args: []
[debug] [35m[GENERIC][39m Responding to client with driver.getStatus() result: {"build":{"version":"1.22.2"}}
[35m[HTTP][39m [37m<-- GET /wd/hub/status [39m[32m200[39m [90m8 ms - 68[39m
[35m[HTTP][39m [90m[39m
[35m[HTTP][39m [37m-->[39m [37mPOST[39m [37m/wd/hub/session[39m
[35m[HTTP][39m [90m{"desiredCapabilities":{"appPackage":"com.android.settings","appWaitActivity":"*","deviceId":"RSSWBMONAAWOSKR4","deviceName":"realme RMX3085 (Android 12)","platform":"ANDROID","appActivity":".Settings","newCommandTimeout":1800,"platformVersion":"12","automationName":"uiautomator2","autoGrantPermissions":true,"platformName":"Android","udid":"RSSWBMONAAWOSKR4","systemPort":8298},"capabilities":{"firstMatch":[{"appium:appActivity":".Settings","appium:appPackage":"com.android.settings","appium:appWaitActivity":"*","appium:autoGrantPermissions":true,"appium:automationName":"uiautomator2","deviceId":"RSSWBMONAAWOSKR4","appium:deviceName":"realme RMX3085 (Android 12)","appium:newCommandTimeout":1800,"platform":"ANDROID","platformName":"android","appium:platformVersion":"12","appium:systemPort":8298,"appium:udid":"RSSWBMONAAWOSKR4"}]}}[39m
[debug] [35m[W3C][39m Calling AppiumDriver.createSession() with args: [{"appPackage":"com.android.settings","appWaitActivity":"*","deviceId":"RSSWBMONAAWOSKR4","deviceName":"realme RMX3085 (Android 12)","platform":"ANDROID","appActivity":".Settings","newCommandTimeout":1800,"platformVersion":"12","automationName":"uiautomator2","autoGrantPermissions":true,"platformName":"Android","udid":"RSSWBMONAAWOSKR4","systemPort":8298},null,{"firstMatch":[{"appium:appActivity":".Settings","appium:appPackage":"com.android.settings","appium:appWaitActivity":"*","appium:autoGrantPermissions":true,"appium:automationName":"uiautomator2","deviceId":"RSSWBMONAAWOSKR4","appium:deviceName":"realme RMX3085 (Android 12)","appium:newCommandTimeout":1800,"platform":"ANDROID","platformName":"android","appium:platformVersion":"12","appium:systemPort":8298,"appium:udid":"RSSWBMONAAWOSKR4"}]}]
[debug] [35m[BaseDriver][39m Event 'newSessionRequested' logged at 1669301635326 (21:53:55 GMT+0700 (Western Indonesia Time))
[35m[BaseDriver][39m The following capabilities are not standard capabilities and should have an extension prefix:
[35m[BaseDriver][39m   deviceId
[35m[BaseDriver][39m   platform
[35m[BaseDriver][39m   chromedriverPort
[35m[Appium][39m Appium v1.22.2 creating new AndroidUiautomator2Driver (v1.70.1) session
[debug] [35m[BaseDriver][39m W3C capabilities and MJSONWP desired capabilities were provided
[debug] [35m[BaseDriver][39m Creating session with W3C capabilities: {
[debug] [35m[BaseDriver][39m   "alwaysMatch": {
[debug] [35m[BaseDriver][39m     "appium:deviceId": "RSSWBMONAAWOSKR4",
[debug] [35m[BaseDriver][39m     "appium:platform": "ANDROID",
[debug] [35m[BaseDriver][39m     "platformName": "android",
[debug] [35m[BaseDriver][39m     "appium:chromedriverPort": 57085,
[debug] [35m[BaseDriver][39m     "appium:appActivity": ".Settings",
[debug] [35m[BaseDriver][39m     "appium:appPackage": "com.android.settings",
[debug] [35m[BaseDriver][39m     "appium:appWaitActivity": "*",
[debug] [35m[BaseDriver][39m     "appium:autoGrantPermissions": true,
[debug] [35m[BaseDriver][39m     "appium:automationName": "uiautomator2",
[debug] [35m[BaseDriver][39m     "appium:deviceName": "realme RMX3085 (Android 12)",
[debug] [35m[BaseDriver][39m     "appium:newCommandTimeout": 1800,
[debug] [35m[BaseDriver][39m     "appium:platformVersion": "12",
[debug] [35m[BaseDriver][39m     "appium:systemPort": 8298,
[debug] [35m[BaseDriver][39m     "appium:udid": "RSSWBMONAAWOSKR4"
[debug] [35m[BaseDriver][39m   },
[debug] [35m[BaseDriver][39m   "firstMatch": [
[debug] [35m[BaseDriver][39m     {}
[debug] [35m[BaseDriver][39m   ]
[debug] [35m[BaseDriver][39m }
[35m[BaseDriver][39m The following capabilities were provided, but are not recognized by Appium:
[35m[BaseDriver][39m   deviceId
[35m[BaseDriver][39m   platform
[35m[BaseDriver][39m Session created with session id: f2c7f76d-d162-447a-8647-db23ed4ba5c8
[35m[UiAutomator2][39m Starting 'com.android.settings' directly on the device
[35m[ADB][39m Found 1 'build-tools' folders under '/Users/zalfasas/.katalon/tools/android_sdk' (newest first):
[35m[ADB][39m     /Users/zalfasas/.katalon/tools/android_sdk/build-tools/29.0.3
[35m[ADB][39m Using 'adb' from '/Users/zalfasas/.katalon/tools/android_sdk/platform-tools/adb'
[debug] [35m[ADB][39m Running '/Users/zalfasas/.katalon/tools/android_sdk/platform-tools/adb -P 5037 start-server'
[35m[AndroidDriver][39m Retrieving device list
[debug] [35m[ADB][39m Trying to find a connected android device
[debug] [35m[ADB][39m Getting connected devices
[debug] [35m[ADB][39m Connected devices: [{"udid":"RSSWBMONAAWOSKR4","state":"device"}]
[35m[AndroidDriver][39m Using device: RSSWBMONAAWOSKR4
[35m[ADB][39m Using 'adb' from '/Users/zalfasas/.katalon/tools/android_sdk/platform-tools/adb'
[debug] [35m[ADB][39m Running '/Users/zalfasas/.katalon/tools/android_sdk/platform-tools/adb -P 5037 start-server'
[debug] [35m[ADB][39m Setting device id to RSSWBMONAAWOSKR4
[debug] [35m[ADB][39m Running '/Users/zalfasas/.katalon/tools/android_sdk/platform-tools/adb -P 5037 -s RSSWBMONAAWOSKR4 shell getprop ro.build.version.sdk'
[debug] [35m[ADB][39m Current device property 'ro.build.version.sdk': 31
[35m[ADB][39m Getting device platform version
[debug] [35m[ADB][39m Running '/Users/zalfasas/.katalon/tools/android_sdk/platform-tools/adb -P 5037 -s RSSWBMONAAWOSKR4 shell getprop ro.build.version.release'
[debug] [35m[ADB][39m Current device property 'ro.build.version.release': 12
[debug] [35m[ADB][39m Device API level: 31
[35m[UiAutomator2][39m Relaxing hidden api policy
[debug] [35m[ADB][39m Running '/Users/zalfasas/.katalon/tools/android_sdk/platform-tools/adb -P 5037 -s RSSWBMONAAWOSKR4 shell 'settings put global hidden_api_policy_pre_p_apps 1;settings put global hidden_api_policy_p_apps 1;settings put global hidden_api_policy 1''
[35m[AndroidDriver][39m No app sent in, not parsing package/activity
[debug] [35m[ADB][39m Running '/Users/zalfasas/.katalon/tools/android_sdk/platform-tools/adb -P 5037 -s RSSWBMONAAWOSKR4 wait-for-device'
[debug] [35m[ADB][39m Running '/Users/zalfasas/.katalon/tools/android_sdk/platform-tools/adb -P 5037 -s RSSWBMONAAWOSKR4 shell echo ping'
[debug] [35m[AndroidDriver][39m Pushing settings apk to device...
[debug] [35m[ADB][39m Getting install status for io.appium.settings
[debug] [35m[ADB][39m Running '/Users/zalfasas/.katalon/tools/android_sdk/platform-tools/adb -P 5037 -s RSSWBMONAAWOSKR4 shell dumpsys package io.appium.settings'
[debug] [35m[ADB][39m 'io.appium.settings' is installed
[debug] [35m[ADB][39m Getting package info for 'io.appium.settings'
[debug] [35m[ADB][39m Running '/Users/zalfasas/.katalon/tools/android_sdk/platform-tools/adb -P 5037 -s RSSWBMONAAWOSKR4 shell dumpsys package io.appium.settings'
[debug] [35m[ADB][39m The version name of the installed 'io.appium.settings' is greater or equal to the application version name ('3.4.0' >= '3.4.0')
[debug] [35m[ADB][39m There is no need to install/upgrade '/usr/local/lib/node_modules/appium/node_modules/io.appium.settings/apks/settings_apk-debug.apk'
[debug] [35m[ADB][39m Getting IDs of all 'io.appium.settings' processes
[debug] [35m[ADB][39m Running '/Users/zalfasas/.katalon/tools/android_sdk/platform-tools/adb -P 5037 -s RSSWBMONAAWOSKR4 shell 'pgrep --help; echo $?''
[debug] [35m[ADB][39m Running '/Users/zalfasas/.katalon/tools/android_sdk/platform-tools/adb -P 5037 -s RSSWBMONAAWOSKR4 shell pgrep -f \(\[\[:blank:\]\]\|\^\)io\.appium\.settings\(\[\[:blank:\]\]\|\$\)'
[debug] [35m[AndroidDriver][39m io.appium.settings is already running. There is no need to reset its permissions.
[debug] [35m[ADB][39m Running '/Users/zalfasas/.katalon/tools/android_sdk/platform-tools/adb -P 5037 -s RSSWBMONAAWOSKR4 shell appops set io.appium.settings android:mock_location allow'
[debug] [35m[Logcat][39m Starting logs capture with command: /Users/zalfasas/.katalon/tools/android_sdk/platform-tools/adb -P 5037 -s RSSWBMONAAWOSKR4 logcat -v threadtime
[debug] [35m[UiAutomator2][39m Forwarding UiAutomator2 Server port 6790 to local port 8298
[debug] [35m[ADB][39m Forwarding system: 8298 to device: 6790
[debug] [35m[ADB][39m Running '/Users/zalfasas/.katalon/tools/android_sdk/platform-tools/adb -P 5037 -s RSSWBMONAAWOSKR4 forward tcp:8298 tcp:6790'
[debug] [35m[ADB][39m Getting install status for io.appium.uiautomator2.server
[debug] [35m[ADB][39m Running '/Users/zalfasas/.katalon/tools/android_sdk/platform-tools/adb -P 5037 -s RSSWBMONAAWOSKR4 shell dumpsys package io.appium.uiautomator2.server'
[debug] [35m[ADB][39m 'io.appium.uiautomator2.server' is installed
[debug] [35m[ADB][39m Getting package info for 'io.appium.uiautomator2.server'
[debug] [35m[ADB][39m Running '/Users/zalfasas/.katalon/tools/android_sdk/platform-tools/adb -P 5037 -s RSSWBMONAAWOSKR4 shell dumpsys package io.appium.uiautomator2.server'
[debug] [35m[ADB][39m The version name of the installed 'io.appium.uiautomator2.server' is greater or equal to the application version name ('4.27.0' >= '4.27.0')
[debug] [35m[UiAutomator2][39m io.appium.uiautomator2.server installation state: sameVersionInstalled
[debug] [35m[ADB][39m Checking app cert for /usr/local/lib/node_modules/appium/node_modules/appium-uiautomator2-server/apks/appium-uiautomator2-server-v4.27.0.apk
[35m[ADB][39m Using 'apksigner.jar' from '/Users/zalfasas/.katalon/tools/android_sdk/build-tools/29.0.3/lib/apksigner.jar'
[debug] [35m[ADB][39m Starting apksigner: '/Applications/Katalon Studio.app/Contents/Eclipse/jre/Contents/Home/bin/java' -Xmx1024M -Xss1m -jar /Users/zalfasas/.katalon/tools/android_sdk/build-tools/29.0.3/lib/apksigner.jar verify --print-certs /usr/local/lib/node_modules/appium/node_modules/appium-uiautomator2-server/apks/appium-uiautomator2-server-v4.27.0.apk
[debug] [35m[ADB][39m apksigner stdout: Signer #1 certificate DN: EMAILADDRESS=android@android.com, CN=Android, OU=Android, O=Android, L=Mountain View, ST=California, C=US
[debug] [35m[ADB][39m Signer #1 certificate SHA-256 digest: a40da80a59d170caa950cf15c18c454d47a39b26989d8b640ecd745ba71bf5dc
[debug] [35m[ADB][39m Signer #1 certificate SHA-1 digest: 61ed377e85d386a8dfee6b864bd85b0bfaa5af81
[debug] [35m[ADB][39m Signer #1 certificate MD5 digest: e89b158e4bcf988ebd09eb83f5378e87
[debug] [35m[ADB][39m 
[debug] [35m[ADB][39m sha256 hash did match for 'appium-uiautomator2-server-v4.27.0.apk'
[35m[ADB][39m '/usr/local/lib/node_modules/appium/node_modules/appium-uiautomator2-server/apks/appium-uiautomator2-server-v4.27.0.apk' is signed with the default certificate
[debug] [35m[ADB][39m Getting install status for io.appium.uiautomator2.server.test
[debug] [35m[ADB][39m Running '/Users/zalfasas/.katalon/tools/android_sdk/platform-tools/adb -P 5037 -s RSSWBMONAAWOSKR4 shell dumpsys package io.appium.uiautomator2.server.test'
[debug] [35m[ADB][39m 'io.appium.uiautomator2.server.test' is installed
[debug] [35m[ADB][39m Checking app cert for /usr/local/lib/node_modules/appium/node_modules/appium-uiautomator2-server/apks/appium-uiautomator2-server-debug-androidTest.apk
[debug] [35m[ADB][39m Starting apksigner: '/Applications/Katalon Studio.app/Contents/Eclipse/jre/Contents/Home/bin/java' -Xmx1024M -Xss1m -jar /Users/zalfasas/.katalon/tools/android_sdk/build-tools/29.0.3/lib/apksigner.jar verify --print-certs /usr/local/lib/node_modules/appium/node_modules/appium-uiautomator2-server/apks/appium-uiautomator2-server-debug-androidTest.apk
[debug] [35m[ADB][39m apksigner stdout: Signer #1 certificate DN: EMAILADDRESS=android@android.com, CN=Android, OU=Android, O=Android, L=Mountain View, ST=California, C=US
[debug] [35m[ADB][39m Signer #1 certificate SHA-256 digest: a40da80a59d170caa950cf15c18c454d47a39b26989d8b640ecd745ba71bf5dc
[debug] [35m[ADB][39m Signer #1 certificate SHA-1 digest: 61ed377e85d386a8dfee6b864bd85b0bfaa5af81
[debug] [35m[ADB][39m Signer #1 certificate MD5 digest: e89b158e4bcf988ebd09eb83f5378e87
[debug] [35m[ADB][39m 
[debug] [35m[ADB][39m sha256 hash did match for 'appium-uiautomator2-server-debug-androidTest.apk'
[35m[ADB][39m '/usr/local/lib/node_modules/appium/node_modules/appium-uiautomator2-server/apks/appium-uiautomator2-server-debug-androidTest.apk' is signed with the default certificate
[35m[UiAutomator2][39m Server packages are not going to be (re)installed
[debug] [35m[UiAutomator2][39m Waiting up to 30000ms for services to be available
[debug] [35m[ADB][39m Running '/Users/zalfasas/.katalon/tools/android_sdk/platform-tools/adb -P 5037 -s RSSWBMONAAWOSKR4 shell pm list instrumentation'
[debug] [35m[UiAutomator2][39m Instrumentation target 'io.appium.uiautomator2.server.test/androidx.test.runner.AndroidJUnitRunner' is available
[35m[ADB][39m Adding packages ["io.appium.settings","io.appium.uiautomator2.server","io.appium.uiautomator2.server.test"] to Doze whitelist
[debug] [35m[ADB][39m Got the following command chunks to execute: [["dumpsys","deviceidle","whitelist","+io.appium.settings",";","dumpsys","deviceidle","whitelist","+io.appium.uiautomator2.server",";","dumpsys","deviceidle","whitelist","+io.appium.uiautomator2.server.test",";"]]
[debug] [35m[ADB][39m Running '/Users/zalfasas/.katalon/tools/android_sdk/platform-tools/adb -P 5037 -s RSSWBMONAAWOSKR4 shell dumpsys deviceidle whitelist +io.appium.settings ; dumpsys deviceidle whitelist +io.appium.uiautomator2.server ; dumpsys deviceidle whitelist +io.appium.uiautomator2.server.test ;'
[debug] [35m[UiAutomator2][39m No app capability. Assuming it is already on the device
[debug] [35m[ADB][39m Getting install status for com.android.settings
[debug] [35m[ADB][39m Running '/Users/zalfasas/.katalon/tools/android_sdk/platform-tools/adb -P 5037 -s RSSWBMONAAWOSKR4 shell dumpsys package com.android.settings'
[debug] [35m[ADB][39m 'com.android.settings' is installed
[debug] [35m[ADB][39m Running '/Users/zalfasas/.katalon/tools/android_sdk/platform-tools/adb -P 5037 -s RSSWBMONAAWOSKR4 shell am force-stop com.android.settings'
[debug] [35m[ADB][39m Running '/Users/zalfasas/.katalon/tools/android_sdk/platform-tools/adb -P 5037 -s RSSWBMONAAWOSKR4 shell pm clear com.android.settings'
[debug] [35m[ADB][39m Running '/Users/zalfasas/.katalon/tools/android_sdk/platform-tools/adb -P 5037 -s RSSWBMONAAWOSKR4 shell dumpsys package com.android.settings'
[debug] [35m[ADB][39m Retrieving requested permissions
[debug] [35m[ADB][39m Retrieved 109 permissions from requested group
[debug] [35m[ADB][39m Retrieving granted permissions
[debug] [35m[ADB][39m Retrieved 201 permissions from install,runtime groups
[debug] [35m[ADB][39m Granting permissions ["android.permission.ACCESS_WIMAX_STATE","android.permission.CHANGE_WIMAX_STATE"] to 'com.android.settings'
[debug] [35m[ADB][39m Got the following command chunks to execute: [["pm","grant","com.android.settings","android.permission.ACCESS_WIMAX_STATE",";","pm","grant","com.android.settings","android.permission.CHANGE_WIMAX_STATE",";"]]
[debug] [35m[ADB][39m Running '/Users/zalfasas/.katalon/tools/android_sdk/platform-tools/adb -P 5037 -s RSSWBMONAAWOSKR4 shell pm grant com.android.settings android.permission.ACCESS_WIMAX_STATE ; pm grant com.android.settings android.permission.CHANGE_WIMAX_STATE ;'
[debug] [35m[AndroidDriver][39m Performed fast reset on the installed 'com.android.settings' application (stop and clear)
[debug] [35m[UiAutomator2][39m Performing shallow cleanup of automation leftovers
[debug] [35m[UiAutomator2][39m No obsolete sessions have been detected (timeout of 500ms exceeded)
[debug] [35m[ADB][39m Running '/Users/zalfasas/.katalon/tools/android_sdk/platform-tools/adb -P 5037 -s RSSWBMONAAWOSKR4 shell am force-stop io.appium.uiautomator2.server.test'
[35m[UiAutomator2][39m Starting UIAutomator2 server 4.27.0
[35m[UiAutomator2][39m Using UIAutomator2 server from '/usr/local/lib/node_modules/appium/node_modules/appium-uiautomator2-server/apks/appium-uiautomator2-server-v4.27.0.apk' and test from '/usr/local/lib/node_modules/appium/node_modules/appium-uiautomator2-server/apks/appium-uiautomator2-server-debug-androidTest.apk'
[35m[UiAutomator2][39m Waiting up to 30000ms for UiAutomator2 to be online...
[debug] [35m[ADB][39m Creating ADB subprocess with args: ["-P",5037,"-s","RSSWBMONAAWOSKR4","shell","am","instrument","-w","-e","disableAnalytics",true,"io.appium.uiautomator2.server.test/androidx.test.runner.AndroidJUnitRunner"]
[debug] [35m[WD Proxy][39m Matched '/status' to command name 'getStatus'
[debug] [35m[WD Proxy][39m Proxying [GET /status] to [GET http://127.0.0.1:8298/wd/hub/status] with no body
[35m[WD Proxy][39m socket hang up
[debug] [35m[Instrumentation][39m io.appium.uiautomator2.server.test.AppiumUiAutomator2Server:
[debug] [35m[WD Proxy][39m Matched '/status' to command name 'getStatus'
[debug] [35m[WD Proxy][39m Proxying [GET /status] to [GET http://127.0.0.1:8298/wd/hub/status] with no body
[35m[WD Proxy][39m socket hang up
[debug] [35m[WD Proxy][39m Matched '/status' to command name 'getStatus'
[debug] [35m[WD Proxy][39m Proxying [GET /status] to [GET http://127.0.0.1:8298/wd/hub/status] with no body
[debug] [35m[WD Proxy][39m Got response with status 200: {"sessionId":"None","value":{"message":"UiAutomator2 Server is ready to accept commands","ready":true}}
[debug] [35m[UiAutomator2][39m The initialization of the instrumentation process took 6950ms
[debug] [35m[WD Proxy][39m Matched '/session' to command name 'createSession'
[debug] [35m[WD Proxy][39m Proxying [POST /session] to [POST http://127.0.0.1:8298/wd/hub/session] with body: {"capabilities":{"firstMatch":[{"platform":"ANDROID","webStorageEnabled":false,"takesScreenshot":true,"javascriptEnabled":true,"databaseEnabled":false,"networkConnectionEnabled":true,"locationContextEnabled":false,"warnings":{},"desired":{"platformName":"android","deviceId":"RSSWBMONAAWOSKR4","platform":"ANDROID","chromedriverPort":57085,"appActivity":".Settings","appPackage":"com.android.settings","appWaitActivity":"*","autoGrantPermissions":true,"automationName":"uiautomator2","deviceName":"realme RMX3085 (Android 12)","newCommandTimeout":1800,"platformVersion":"12","systemPort":8298,"udid":"RSSWBMONAAWOSKR4"},"platformName":"android","deviceId":"RSSWBMONAAWOSKR4","chromedriverPort":57085,"appActivity":".Settings","appPackage":"com.android.settings","appWaitActivity":"*","autoGrantPermissions":true,"automationName":"uiautomator2","deviceName":"RSSWBMONAAWOSKR4","newCommandTimeout":1800,"platformVersion":"12","systemPort":8298,"udid":"RSSWBMONAAWOSKR4","deviceUDID":"RSSWBMONAAWOSKR4"}],"alwaysMatch":{}}}
[debug] [35m[WD Proxy][39m Got response with status 200: {"sessionId":"4ab9e1a6-4f2b-44fb-a950-1b4f1e735464","value":{"capabilities":{"firstMatch":[{"platform":"ANDROID","webStorageEnabled":false,"takesScreenshot":true,"javascriptEnabled":true,"databaseEnabled":false,"networkConnectionEnabled":true,"locationContextEnabled":false,"warnings":{},"desired":{"platformName":"android","deviceId":"RSSWBMONAAWOSKR4","platform":"ANDROID","chromedriverPort":57085,"appActivity":".Settings","appPackage":"com.android.settings","appWaitActivity":"*","autoGrantPermissions":true,"automationName":"uiautomator2","deviceName":"realme RMX3085 (Android 12)","newCommandTimeout":1800,"platformVersion":"12","systemPort":8298,"udid":"RSSWBMONAAWOSKR4"},"platformName":"android","deviceId":"RSSWBMONAAWOSKR4","chromedriverPort":57085,"appActivity":".Settings","appPackage":"com.android.settings","appWaitActivity":"*","autoGrantPermissions":true,"automationName":"uiautomator2","deviceName":"RSSWBMONAAWOSKR4","newCommandTimeout":1800,"platformVersion":"12","systemPort":8298,"udid":"RSSWBMONAAW...
[35m[WD Proxy][39m Determined the downstream protocol as 'W3C'
[debug] [35m[WD Proxy][39m Proxying [GET /appium/device/info] to [GET http://127.0.0.1:8298/wd/hub/session/4ab9e1a6-4f2b-44fb-a950-1b4f1e735464/appium/device/info] with no body
[debug] [35m[WD Proxy][39m Got response with status 200: {"sessionId":"4ab9e1a6-4f2b-44fb-a950-1b4f1e735464","value":{"androidId":"e881949eb8dd9d90","apiVersion":"31","bluetooth":{"state":"ON"},"brand":"realme","carrierName":"Tsel-PakaiMasker","displayDensity":332,"locale":"en_US","manufacturer":"realme","model":"RMX3085","networks":[{"capabilities":{"SSID":null,"linkDownBandwidthKbps":3033,"linkUpstreamBandwidthKbps":547429,"networkCapabilities":"NET_CAPABILITY_SUPL,NET_CAPABILITY_INTERNET,NET_CAPABILITY_NOT_RESTRICTED,NET_CAPABILITY_TRUSTED,NET_CAPABILITY_NOT_VPN,NET_CAPABILITY_VALIDATED,NET_CAPABILITY_NOT_ROAMING,NET_CAPABILITY_FOREGROUND,NET_CAPABILITY_NOT_CONGESTED,NET_CAPABILITY_NOT_SUSPENDED","signalStrength":-2147483648,"transportTypes":"TRANSPORT_CELLULAR"},"detailedState":"CONNECTED","extraInfo":"internet","isAvailable":true,"isConnected":true,"isFailover":false,"isRoaming":false,"state":"CONNECTED","subtype":13,"subtypeName":"LTE","type":0,"typeName":"MOBILE"},{"capabilities":{"SSID":null,"linkDownBandwidthKbps":3033,"linkUpstreamBandwidthKbps":547429...
[debug] [35m[ADB][39m Running '/Users/zalfasas/.katalon/tools/android_sdk/platform-tools/adb -P 5037 -s RSSWBMONAAWOSKR4 shell dumpsys window'
[35m[AndroidDriver][39m Screen already unlocked, doing nothing
[35m[UiAutomator2][39m Starting 'com.android.settings/.Settings and waiting for 'com.android.settings/*'
[debug] [35m[ADB][39m Running '/Users/zalfasas/.katalon/tools/android_sdk/platform-tools/adb -P 5037 -s RSSWBMONAAWOSKR4 shell am start -W -n com.android.settings/.Settings -S -a android.intent.action.MAIN -c android.intent.category.LAUNCHER -f 0x10200000'
[debug] [35m[ADB][39m Waiting up to 20000ms for activity matching pkg: 'com.android.settings' and activity: '*' to be focused
[debug] [35m[ADB][39m Possible activities, to be checked: '*', 'com.android.settings.*'
[debug] [35m[ADB][39m Getting focused package and activity
[debug] [35m[ADB][39m Running '/Users/zalfasas/.katalon/tools/android_sdk/platform-tools/adb -P 5037 -s RSSWBMONAAWOSKR4 shell dumpsys window displays'
[debug] [35m[ADB][39m Found package: 'com.android.settings' and fully qualified activity name : 'com.android.settings.Settings'
[debug] [35m[WD Proxy][39m Proxying [GET /appium/device/pixel_ratio] to [GET http://127.0.0.1:8298/wd/hub/session/4ab9e1a6-4f2b-44fb-a950-1b4f1e735464/appium/device/pixel_ratio] with no body
[debug] [35m[WD Proxy][39m Got response with status 200: {"sessionId":"4ab9e1a6-4f2b-44fb-a950-1b4f1e735464","value":2.075}
[debug] [35m[WD Proxy][39m Matched '/appium/device/system_bars' to command name 'getSystemBars'
[debug] [35m[WD Proxy][39m Proxying [GET /appium/device/system_bars] to [GET http://127.0.0.1:8298/wd/hub/session/4ab9e1a6-4f2b-44fb-a950-1b4f1e735464/appium/device/system_bars] with no body
[debug] [35m[WD Proxy][39m Got response with status 200: {"sessionId":"4ab9e1a6-4f2b-44fb-a950-1b4f1e735464","value":{"statusBar":110}}
[debug] [35m[WD Proxy][39m Matched '/window/current/size' to command name 'getWindowSize'
[debug] [35m[WD Proxy][39m Proxying [GET /window/current/size] to [GET http://127.0.0.1:8298/wd/hub/session/4ab9e1a6-4f2b-44fb-a950-1b4f1e735464/window/current/size] with no body
[debug] [35m[WD Proxy][39m Got response with status 200: {"sessionId":"4ab9e1a6-4f2b-44fb-a950-1b4f1e735464","value":{"height":2257,"width":1080}}
[35m[Appium][39m New AndroidUiautomator2Driver session created successfully, session f2c7f76d-d162-447a-8647-db23ed4ba5c8 added to master session list
[debug] [35m[BaseDriver][39m Event 'newSessionStarted' logged at 1669301648761 (21:54:08 GMT+0700 (Western Indonesia Time))
[debug] [35m[W3C (f2c7f76d)][39m Cached the protocol value 'W3C' for the new session f2c7f76d-d162-447a-8647-db23ed4ba5c8
[debug] [35m[W3C (f2c7f76d)][39m Responding to client with driver.createSession() result: {"capabilities":{"platform":"ANDROID","webStorageEnabled":false,"takesScreenshot":true,"javascriptEnabled":true,"databaseEnabled":false,"networkConnectionEnabled":true,"locationContextEnabled":false,"warnings":{},"desired":{"platformName":"android","deviceId":"RSSWBMONAAWOSKR4","platform":"ANDROID","chromedriverPort":57085,"appActivity":".Settings","appPackage":"com.android.settings","appWaitActivity":"*","autoGrantPermissions":true,"automationName":"uiautomator2","deviceName":"realme RMX3085 (Android 12)","newCommandTimeout":1800,"platformVersion":"12","systemPort":8298,"udid":"RSSWBMONAAWOSKR4"},"platformName":"android","deviceId":"RSSWBMONAAWOSKR4","chromedriverPort":57085,"appActivity":".Settings","appPackage":"com.android.settings","appWaitActivity":"*","autoGrantPermissions":true,"automationName":"uiautomator2","deviceName":"RSSWBMONAAWOSKR4","newCommandTimeout":1800,"platformVersion":"12","systemPort":8298,"udid":"RSSWBMONAAWOSKR4","deviceUDID":"RSSWBMONAAWOSKR4","deviceApiLevel":31,"deviceScreenSiz...
[35m[HTTP][39m [37m<-- POST /wd/hub/session [39m[32m200[39m [90m13442 ms - 1280[39m
[35m[HTTP][39m [90m[39m
[35m[HTTP][39m [37m-->[39m [37mGET[39m [37m/wd/hub/session/f2c7f76d-d162-447a-8647-db23ed4ba5c8[39m
[35m[HTTP][39m [90m{}[39m
[debug] [35m[W3C (f2c7f76d)][39m Calling AppiumDriver.getSession() with args: ["f2c7f76d-d162-447a-8647-db23ed4ba5c8"]
[debug] [35m[UiAutomator2][39m Getting session details from server to mix in
[debug] [35m[WD Proxy][39m Matched '/' to command name 'getSession'
[debug] [35m[WD Proxy][39m Proxying [GET /] to [GET http://127.0.0.1:8298/wd/hub/session/4ab9e1a6-4f2b-44fb-a950-1b4f1e735464] with no body
[debug] [35m[WD Proxy][39m Got response with status 200: {"sessionId":"4ab9e1a6-4f2b-44fb-a950-1b4f1e735464","value":{"lastScrollData":null}}
[debug] [35m[W3C (f2c7f76d)][39m Responding to client with driver.getSession() result: {"platform":"ANDROID","webStorageEnabled":false,"takesScreenshot":true,"javascriptEnabled":true,"databaseEnabled":false,"networkConnectionEnabled":true,"locationContextEnabled":false,"warnings":{},"desired":{"platformName":"android","deviceId":"RSSWBMONAAWOSKR4","platform":"ANDROID","chromedriverPort":57085,"appActivity":".Settings","appPackage":"com.android.settings","appWaitActivity":"*","autoGrantPermissions":true,"automationName":"uiautomator2","deviceName":"realme RMX3085 (Android 12)","newCommandTimeout":1800,"platformVersion":"12","systemPort":8298,"udid":"RSSWBMONAAWOSKR4"},"platformName":"android","deviceId":"RSSWBMONAAWOSKR4","chromedriverPort":57085,"appActivity":".Settings","appPackage":"com.android.settings","appWaitActivity":"*","autoGrantPermissions":true,"automationName":"uiautomator2","deviceName":"RSSWBMONAAWOSKR4","newCommandTimeout":1800,"platformVersion":"12","systemPort":8298,"udid":"RSSWBMONAAWOSKR4","deviceUDID":"RSSWBMONAAWOSKR4","deviceApiLevel":31,"deviceScreenSize":"1080x2400","...
[35m[HTTP][39m [37m<-- GET /wd/hub/session/f2c7f76d-d162-447a-8647-db23ed4ba5c8 [39m[32m200[39m [90m9 ms - 1234[39m
[35m[HTTP][39m [90m[39m
[35m[HTTP][39m [37m-->[39m [37mGET[39m [37m/wd/hub/session/f2c7f76d-d162-447a-8647-db23ed4ba5c8[39m
[35m[HTTP][39m [90m{}[39m
[debug] [35m[W3C (f2c7f76d)][39m Calling AppiumDriver.getSession() with args: ["f2c7f76d-d162-447a-8647-db23ed4ba5c8"]
[debug] [35m[UiAutomator2][39m Getting session details from server to mix in
[debug] [35m[WD Proxy][39m Matched '/' to command name 'getSession'
[debug] [35m[WD Proxy][39m Proxying [GET /] to [GET http://127.0.0.1:8298/wd/hub/session/4ab9e1a6-4f2b-44fb-a950-1b4f1e735464] with no body
[debug] [35m[WD Proxy][39m Got response with status 200: {"sessionId":"4ab9e1a6-4f2b-44fb-a950-1b4f1e735464","value":{"lastScrollData":null}}
[debug] [35m[W3C (f2c7f76d)][39m Responding to client with driver.getSession() result: {"platform":"ANDROID","webStorageEnabled":false,"takesScreenshot":true,"javascriptEnabled":true,"databaseEnabled":false,"networkConnectionEnabled":true,"locationContextEnabled":false,"warnings":{},"desired":{"platformName":"android","deviceId":"RSSWBMONAAWOSKR4","platform":"ANDROID","chromedriverPort":57085,"appActivity":".Settings","appPackage":"com.android.settings","appWaitActivity":"*","autoGrantPermissions":true,"automationName":"uiautomator2","deviceName":"realme RMX3085 (Android 12)","newCommandTimeout":1800,"platformVersion":"12","systemPort":8298,"udid":"RSSWBMONAAWOSKR4"},"platformName":"android","deviceId":"RSSWBMONAAWOSKR4","chromedriverPort":57085,"appActivity":".Settings","appPackage":"com.android.settings","appWaitActivity":"*","autoGrantPermissions":true,"automationName":"uiautomator2","deviceName":"RSSWBMONAAWOSKR4","newCommandTimeout":1800,"platformVersion":"12","systemPort":8298,"udid":"RSSWBMONAAWOSKR4","deviceUDID":"RSSWBMONAAWOSKR4","deviceApiLevel":31,"deviceScreenSize":"1080x2400","...
[35m[HTTP][39m [37m<-- GET /wd/hub/session/f2c7f76d-d162-447a-8647-db23ed4ba5c8 [39m[32m200[39m [90m12 ms - 1234[39m
[35m[HTTP][39m [90m[39m
[35m[HTTP][39m [37m-->[39m [37mGET[39m [37m/wd/hub/status[39m
[35m[HTTP][39m [90m{}[39m
[debug] [35m[GENERIC][39m Calling AppiumDriver.getStatus() with args: []
[debug] [35m[GENERIC][39m Responding to client with driver.getStatus() result: {"build":{"version":"1.22.2"}}
[35m[HTTP][39m [37m<-- GET /wd/hub/status [39m[32m200[39m [90m1 ms - 68[39m
[35m[HTTP][39m [90m[39m
[35m[HTTP][39m [37m-->[39m [37mPOST[39m [37m/wd/hub/session/f2c7f76d-d162-447a-8647-db23ed4ba5c8/timeouts[39m
[35m[HTTP][39m [90m{"implicit":60000}[39m
[debug] [35m[W3C (f2c7f76d)][39m Calling AppiumDriver.timeouts() with args: [null,null,null,null,60000,"f2c7f76d-d162-447a-8647-db23ed4ba5c8"]
[debug] [35m[BaseDriver][39m W3C timeout argument: {"implicit":60000}}
[debug] [35m[BaseDriver][39m Set implicit wait to 60000ms
[debug] [35m[W3C (f2c7f76d)][39m Responding to client with driver.timeouts() result: null
[35m[HTTP][39m [37m<-- POST /wd/hub/session/f2c7f76d-d162-447a-8647-db23ed4ba5c8/timeouts [39m[32m200[39m [90m3 ms - 14[39m
[35m[HTTP][39m [90m[39m
[35m[HTTP][39m [37m-->[39m [37mGET[39m [37m/wd/hub/session/f2c7f76d-d162-447a-8647-db23ed4ba5c8/screenshot[39m
[35m[HTTP][39m [90m{}[39m
[debug] [35m[W3C (f2c7f76d)][39m Calling AppiumDriver.getScreenshot() with args: ["f2c7f76d-d162-447a-8647-db23ed4ba5c8"]
[debug] [35m[WD Proxy][39m Matched '/screenshot' to command name 'getScreenshot'
[debug] [35m[WD Proxy][39m Proxying [GET /screenshot] to [GET http://127.0.0.1:8298/wd/hub/session/4ab9e1a6-4f2b-44fb-a950-1b4f1e735464/screenshot] with no body
[debug] [35m[WD Proxy][39m Got response with status 200: {"sessionId":"4ab9e1a6-4f2b-44fb-a950-1b4f1e735464","value":"iVBORw0KGgoAAAANSUhEUgAABDgAAAlgCAYAAABtGofVAAAAAXNSR0IArs4c6QAAAARzQklUCAgI\nCHwIZIgAACAASURBVHic7N15XNTV/sfx9wyLgIILkSZuaSqWmtrFWz9zyTLrltfdNnfLikzNpVzA\nui5XraywcskKc63Um6R21a6aC6ZiaaUJlYkL7mgOCjLAzO8PnImRRZYB/Nrr+XiQ8P2e+Z4zQMD3\nPed8jslqtdoFAAAAAABgYOayHgAAAAAAAEBxEXAAAAAAAADDI+AAAAAAAACGR8ABAAAAAAAMj4AD\nAAAAAAAYHgEHAAAAAAAwPAIOAAAAAABgeAQcAAAAAADA8Ag4AAAAAACA4RFwAAAAAAAAwyPgAAAA\nAAAAhkfAAQAAAAAADI+AAwAAAAAAGB4BBwAAAAAAMDwCDgAAAAAAYHgEHAAAAAAAwPAIOAAAAAAA\ngOERcAAAAAAAAMMj4AAAAAAAAIZHwAEAAAAAAAyPgAMAAAAAABgeAQcAAAAAADA8Ag4AAAAAAGB4\nBBwAAAAAAMDwCDgAAAAAAIDhEXAAAAAAAADDI+AAAAAAAACGR8ABAAAAAAAMj4ADAAAAAAAYHgEH\nAAAAAAAwPAIOAAAAAABgeAQcAAAAAADA8Ag4AAAAAACA4RFwAAAAAAAAwyPgAAAAAAAAhkfAAQAA\nAAAADI+AAwAAAAAAGB4BBwAAAAAAMDwCDgAAAAAAYHgEHAAAAAAAwPAIOAAAAAAAgOERcAAAAAAA\nAMMj4AAAAAAAAIZHwAEAAAAAAAyPgAMAAAAAABgeAQcAAAAAADA8Ag4AAAAAAGB4BBwAAAAAAMDw\nCDgAAAAAAIDhEXAAAAAAAADDI+AAAAAAAACGR8ABAAAAAAAMj4ADAAAAAAAYHgEHAAAAAAAwPAIO\nAAAAAABgeAQcAAAAAADA8Ag4...
[debug] [35m[W3C (f2c7f76d)][39m Responding to client with driver.getScreenshot() result: "iVBORw0KGgoAAAANSUhEUgAABDgAAAlgCAYAAABtGofVAAAAAXNSR0IArs4c6QAAAARzQklUCAgI\nCHwIZIgAACAASURBVHic7N15XNTV/sfx9wyLgIILkSZuaSqWmtrFWz9zyTLrltfdNnfLikzNpVzA\nui5XraywcskKc63Um6R21a6aC6ZiaaUJlYkL7mgOCjLAzO8PnImRRZYB/Nrr+XiQ8P2e+Z4zQMD3\nPed8jslqtdoFAAAAAABgYOayHgAAAAAAAEBxEXAAAAAAAADDI+AAAAAAAACGR8ABAAAAAAAMj4AD\nAAAAAAAYHgEHAAAAAAAwPAIOAAAAAABgeAQcAAAAAADA8Ag4AAAAAACA4RFwAAAAAAAAwyPgAAAA\nAAAAhkfAAQAAAAAADI+AAwAAAAAAGB4BBwAAAAAAMDwCDgAAAAAAYHgEHAAAAAAAwPAIOAAAAAAA\ngOERcAAAAAAAAMMj4AAAAAAAAIZHwAEAAAAAAAyPgAMAAAAAABgeAQcAAAAAADA8Ag4AAAAAAGB4\nBBwAAAAAAMDwCDgAAAAAAIDhEXAAAAAAAADDI+AAAAAAAACGR8ABAAAAAAAMj4ADAAAAAAAYHgEH\nAAAAAAAwPAIOAAAAAABgeAQcAAAAAADA8Ag4AAAAAACA4RFwAAAAAAAAwyPgAAAAAAAAhkfAAQAA\nAAAADI+AAwAAAAAAGB4BBwAAAAAAMDwCDgAAAAAAYHgEHAAAAAAAwPAIOAAAAAAAgOERcAAAAAAA\nAMMj4AAAAAAAAIZHwAEAAAAAAAyPgAMAAAAAABgeAQcAAAAAADA8Ag4AAAAAAGB4BBwAAAAAAMDw\nCDgAAAAAAIDhEXAAAAAAAADDI+AAAAAAAACGR8ABAAAAAAAMj4ADAAAAAAAYHgEHAAAAAAAwPAIO\nAAAAAABgeAQcAAAAAADA8Ag4AAAAAACA4RFwAAAAAAAAw/Ms6wEAAAAAAHAtFotF8fHx8vf3V0hI\niMu5uL...
[35m[HTTP][39m [37m<-- GET /wd/hub/session/f2c7f76d-d162-447a-8647-db23ed4ba5c8/screenshot [39m[32m200[39m [90m390 ms - 212058[39m
[35m[HTTP][39m [90m[39m
[35m[HTTP][39m [37m-->[39m [37mGET[39m [37m/wd/hub/session/f2c7f76d-d162-447a-8647-db23ed4ba5c8/window/rect[39m
[35m[HTTP][39m [90m{}[39m
[debug] [35m[W3C (f2c7f76d)][39m Calling AppiumDriver.getWindowRect() with args: ["f2c7f76d-d162-447a-8647-db23ed4ba5c8"]
[debug] [35m[WD Proxy][39m Matched '/window/current/size' to command name 'getWindowSize'
[debug] [35m[WD Proxy][39m Proxying [GET /window/current/size] to [GET http://127.0.0.1:8298/wd/hub/session/4ab9e1a6-4f2b-44fb-a950-1b4f1e735464/window/current/size] with no body
[debug] [35m[WD Proxy][39m Got response with status 200: {"sessionId":"4ab9e1a6-4f2b-44fb-a950-1b4f1e735464","value":{"height":2257,"width":1080}}
[debug] [35m[W3C (f2c7f76d)][39m Responding to client with driver.getWindowRect() result: {"width":1080,"height":2257,"x":0,"y":0}
[35m[HTTP][39m [37m<-- GET /wd/hub/session/f2c7f76d-d162-447a-8647-db23ed4ba5c8/window/rect [39m[32m200[39m [90m26 ms - 50[39m
[35m[HTTP][39m [90m[39m
[35m[HTTP][39m [37m-->[39m [37mGET[39m [37m/wd/hub/session/f2c7f76d-d162-447a-8647-db23ed4ba5c8/appium/device/system_bars[39m
[35m[HTTP][39m [90m{}[39m
[debug] [35m[W3C (f2c7f76d)][39m Calling AppiumDriver.getSystemBars() with args: ["f2c7f76d-d162-447a-8647-db23ed4ba5c8"]
[debug] [35m[ADB][39m Running '/Users/zalfasas/.katalon/tools/android_sdk/platform-tools/adb -P 5037 -s RSSWBMONAAWOSKR4 shell dumpsys window windows'
[debug] [35m[W3C (f2c7f76d)][39m Responding to client with driver.getSystemBars() result: {"statusBar":{"visible":true,"x":0,"y":0,"width":null,"height":1},"navigationBar":{"visible":true,"x":0,"y":0,"width":null,"height":1}}
[35m[HTTP][39m [37m<-- GET /wd/hub/session/f2c7f76d-d162-447a-8647-db23ed4ba5c8/appium/device/system_bars [39m[32m200[39m [90m142 ms - 145[39m
[35m[HTTP][39m [90m[39m
[35m[HTTP][39m [37m-->[39m [37mPOST[39m [37m/wd/hub/session/f2c7f76d-d162-447a-8647-db23ed4ba5c8/appium/device/activate_app[39m
[35m[HTTP][39m [90m{"bundleId":"com.saucelabs.mydemoapp.android"}[39m
[debug] [35m[W3C (f2c7f76d)][39m Calling AppiumDriver.activateApp() with args: ["com.saucelabs.mydemoapp.android",null,null,null,"f2c7f76d-d162-447a-8647-db23ed4ba5c8"]
[debug] [35m[AndroidDriver][39m Activating 'com.saucelabs.mydemoapp.android' with 'adb shell monkey -p com.saucelabs.mydemoapp.android -c android.intent.category.LAUNCHER 1' command
[debug] [35m[ADB][39m Running '/Users/zalfasas/.katalon/tools/android_sdk/platform-tools/adb -P 5037 -s RSSWBMONAAWOSKR4 shell monkey -p com.saucelabs.mydemoapp.android -c android.intent.category.LAUNCHER 1'
[debug] [35m[AndroidDriver][39m Command stdout: bash arg: -p
[debug] [35m[AndroidDriver][39m   bash arg: com.saucelabs.mydemoapp.android
[debug] [35m[AndroidDriver][39m   bash arg: -c
[debug] [35m[AndroidDriver][39m   bash arg: android.intent.category.LAUNCHER
[debug] [35m[AndroidDriver][39m   bash arg: 1
[debug] [35m[AndroidDriver][39m Events injected: 1
[debug] [35m[AndroidDriver][39m ## Network stats: elapsed time=75ms (0ms mobile, 0ms wifi, 75ms not connected)
[debug] [35m[W3C (f2c7f76d)][39m Responding to client with driver.activateApp() result: null
[35m[HTTP][39m [37m<-- POST /wd/hub/session/f2c7f76d-d162-447a-8647-db23ed4ba5c8/appium/device/activate_app [39m[32m200[39m [90m4569 ms - 14[39m
[35m[HTTP][39m [90m[39m
[35m[HTTP][39m [37m-->[39m [37mGET[39m [37m/wd/hub/session/f2c7f76d-d162-447a-8647-db23ed4ba5c8/source[39m
[35m[HTTP][39m [90m{}[39m
[35m[W3C (f2c7f76d)][39m Driver proxy active, passing request on via HTTP proxy
[debug] [35m[WD Proxy][39m Matched '/wd/hub/session/f2c7f76d-d162-447a-8647-db23ed4ba5c8/source' to command name 'getPageSource'
[debug] [35m[WD Proxy][39m Proxying [GET /wd/hub/session/f2c7f76d-d162-447a-8647-db23ed4ba5c8/source] to [GET http://127.0.0.1:8298/wd/hub/session/4ab9e1a6-4f2b-44fb-a950-1b4f1e735464/source] with no body
[debug] [35m[WD Proxy][39m Got response with status 200: {"sessionId":"4ab9e1a6-4f2b-44fb-a950-1b4f1e735464","value":"<?xml version='1.0' encoding='UTF-8' standalone='yes' ?>\r\n<hierarchy index=\"0\" class=\"hierarchy\" rotation=\"0\" width=\"1080\" height=\"2257\">\r\n  <android.widget.FrameLayout index=\"0\" package=\"com.saucelabs.mydemoapp.android\" class=\"android.widget.FrameLayout\" text=\"\" checkable=\"false\" checked=\"false\" clickable=\"false\" enabled=\"true\" focusable=\"false\" focused=\"false\" long-clickable=\"false\" password=\"false\" scrollable=\"false\" selected=\"false\" bounds=\"[0,0][1080,2257]\" displayed=\"true\">\r\n    <android.widget.LinearLayout index=\"0\" package=\"com.saucelabs.mydemoapp.android\" class=\"android.widget.LinearLayout\" text=\"\" checkable=\"false\" checked=\"false\" clickable=\"false\" enabled=\"true\" focusable=\"false\" focused=\"false\" long-clickable=\"false\" password=\"false\" scrollable=\"false\" selected=\"false\" bounds=\"[0,0][1080,2257]\" displayed=\"true\">\r\n      <android.widget.FrameLayout index=\...
[35m[WD Proxy][39m Replacing sessionId 4ab9e1a6-4f2b-44fb-a950-1b4f1e735464 with f2c7f76d-d162-447a-8647-db23ed4ba5c8
[35m[HTTP][39m [37m<-- GET /wd/hub/session/f2c7f76d-d162-447a-8647-db23ed4ba5c8/source [39m[32m200[39m [90m1046 ms - 33060[39m
[35m[HTTP][39m [90m[39m
[35m[HTTP][39m [37m-->[39m [37mGET[39m [37m/wd/hub/session/f2c7f76d-d162-447a-8647-db23ed4ba5c8/screenshot[39m
[35m[HTTP][39m [90m{}[39m
[debug] [35m[W3C (f2c7f76d)][39m Calling AppiumDriver.getScreenshot() with args: ["f2c7f76d-d162-447a-8647-db23ed4ba5c8"]
[debug] [35m[WD Proxy][39m Matched '/screenshot' to command name 'getScreenshot'
[debug] [35m[WD Proxy][39m Proxying [GET /screenshot] to [GET http://127.0.0.1:8298/wd/hub/session/4ab9e1a6-4f2b-44fb-a950-1b4f1e735464/screenshot] with no body
[debug] [35m[WD Proxy][39m Got response with status 200: {"sessionId":"4ab9e1a6-4f2b-44fb-a950-1b4f1e735464","value":"iVBORw0KGgoAAAANSUhEUgAABDgAAAlgCAYAAABtGofVAAAAAXNSR0IArs4c6QAAAARzQklUCAgI\nCHwIZIgAACAASURBVHic7N13fFRVwsbx585k0ggECIFQQpEiUlRQFCwoZUFFsWHZdYVdV1RYLKhr\n3deyu/ZdEdau2GV1WeyrLKDYKSooIr1JSKihhYSUmbnvH0Mmmcydmkm5+Pt+PpGZc8859yQBk3nm\nFMM0TVMAAAAAAAA25mjoAQAAAAAAANQWAQcAAAAAALA9Ag4AAAAAAGB7BBwAAAAAAMD2CDgAAAAA\nAIDtEXAAAAAAAADbI+AAAAAAAAC2R8ABAAAAAABsj4ADAAAAAADYHgEHAAAAAACwPQIOAAAAAABg\newQcAAAAAADA9gg4AAAAAACA7RFwAAAAAAAA2yPgAAAAAAAAtkfAAQAAAAAAbI+AAwAAAAAA2B4B\nBwAAAAAAsD0CDgAAAAAAYHsEHAAAAAAAwPYIOAAAAAAAgO0RcAAAAAAAANsj4AAAAAAAALZHwAEA\nAAAAAGyPgAMAAAAAANgeAQcAAAAAALA9Ag4AAAAAAGB7BBwAAAAAAMD2CDgAAAAAAIDtEXAAAAAA\nAADbI+AAAAAAAAC2R8ABAAAAAABsj4ADAAAAAADYHgEHAAAAAACwPQIOAAAAAABgewQcAAAAAADA\n9gg4AAAAAACA7RFwAAAAAAAA2yPgAAAAAAAAtkfAAQAAAAAAbI+AAwAAAAAA2B4BBwAAAAAAsD0C\nDgAAAAAAYHsEHAAAAAAAwPYIOAAAAAAAgO0RcAAAAAAAANsj4AAAAAAAALZHwAEAAAAAAGyPgAMA\nAAAAANgeAQcAAAAAALA9Ag4AAAAAAGB7BBwAAAAAAMD2CDgAAAAAAIDtEXAAAAAAAADbI+AAAAAA\nAAC2R8ABAAAAAABsj4ADAAAA...
[debug] [35m[W3C (f2c7f76d)][39m Responding to client with driver.getScreenshot() result: "iVBORw0KGgoAAAANSUhEUgAABDgAAAlgCAYAAABtGofVAAAAAXNSR0IArs4c6QAAAARzQklUCAgI\nCHwIZIgAACAASURBVHic7N13fFRVwsbx585k0ggECIFQQpEiUlRQFCwoZUFFsWHZdYVdV1RYLKhr\n3deyu/ZdEdau2GV1WeyrLKDYKSooIr1JSKihhYSUmbnvH0Mmmcydmkm5+Pt+PpGZc8859yQBk3nm\nFMM0TVMAAAAAAAA25mjoAQAAAAAAANQWAQcAAAAAALA9Ag4AAAAAAGB7BBwAAAAAAMD2CDgAAAAA\nAIDtEXAAAAAAAADbI+AAAAAAAAC2R8ABAAAAAABsj4ADAAAAAADYHgEHAAAAAACwPQIOAAAAAABg\newQcAAAAAADA9gg4AAAAAACA7RFwAAAAAAAA2yPgAAAAAAAAtkfAAQAAAAAAbI+AAwAAAAAA2B4B\nBwAAAAAAsD0CDgAAAAAAYHsEHAAAAAAAwPYIOAAAAAAAgO0RcAAAAAAAANsj4AAAAAAAALZHwAEA\nAAAAAGyPgAMAAAAAANgeAQcAAAAAALA9Ag4AAAAAAGB7BBwAAAAAAMD2CDgAAAAAAIDtEXAAAAAA\nAADbI+AAAAAAAAC2R8ABAAAAAABsj4ADAAAAAADYHgEHAAAAAACwPQIOAAAAAABgewQcAAAAAADA\n9gg4AAAAAACA7RFwAAAAAAAA2yPgAAAAAAAAtkfAAQAAAAAAbI+AAwAAAAAA2B4BBwAAAAAAsD0C\nDgAAAAAAYHsEHAAAAAAAwPYIOAAAAAAAgO0RcAAAAAAAANsj4AAAAAAAALZHwAEAAAAAAGyPgAMA\nAAAAANgeAQcAAAAAALA9Ag4AAAAAAGB7BBwAAAAAAMD2CDgAAAAAAIDtEXAAAAAAAADbI+AAAAAA\nAAC2R8ABAAAAAABsj4ADAAAAAADYHgEHAAAAAACwPQIOAAAAAABge0kNPQAAjcueg9KEd6WP1kgH\nKySPKX...
[35m[HTTP][39m [37m<-- GET /wd/hub/session/f2c7f76d-d162-447a-8647-db23ed4ba5c8/screenshot [39m[32m200[39m [90m745 ms - 566240[39m
[35m[HTTP][39m [90m[39m
[35m[HTTP][39m [37m-->[39m [37mPOST[39m [37m/wd/hub/session/f2c7f76d-d162-447a-8647-db23ed4ba5c8/elements[39m
[35m[HTTP][39m [90m{"using":"xpath","value":"//*[@class = 'android.widget.TextView' and (@text = 'DHL Standard Delivery' or . = 'DHL Standard Delivery') and @resource-id = 'com.saucelabs.mydemoapp.android:id/dhlTV']"}[39m
[debug] [35m[W3C (f2c7f76d)][39m Calling AppiumDriver.findElements() with args: ["xpath","//*[@class = 'android.widget.TextView' and (@text = 'DHL Standard Delivery' or . = 'DHL Standard Delivery') and @resource-id = 'com.saucelabs.mydemoapp.android:id/dhlTV']","f2c7f76d-d162-447a-8647-db23ed4ba5c8"]
[debug] [35m[BaseDriver][39m Valid locator strategies for this request: xpath, id, class name, accessibility id, css selector, -android uiautomator
[debug] [35m[BaseDriver][39m Waiting up to 60000 ms for condition
[debug] [35m[WD Proxy][39m Matched '/elements' to command name 'findElements'
[debug] [35m[WD Proxy][39m Proxying [POST /elements] to [POST http://127.0.0.1:8298/wd/hub/session/4ab9e1a6-4f2b-44fb-a950-1b4f1e735464/elements] with body: {"strategy":"xpath","selector":"//*[@class = 'android.widget.TextView' and (@text = 'DHL Standard Delivery' or . = 'DHL Standard Delivery') and @resource-id = 'com.saucelabs.mydemoapp.android:id/dhlTV']","context":"","multiple":true}
[debug] [35m[WD Proxy][39m Got response with status 200: {"sessionId":"4ab9e1a6-4f2b-44fb-a950-1b4f1e735464","value":[{"ELEMENT":"00000000-0000-03ef-ffff-ffff00000663","element-6066-11e4-a52e-4f735466cecf":"00000000-0000-03ef-ffff-ffff00000663"}]}
[debug] [35m[W3C (f2c7f76d)][39m Responding to client with driver.findElements() result: [{"element-6066-11e4-a52e-4f735466cecf":"00000000-0000-03ef-ffff-ffff00000663","ELEMENT":"00000000-0000-03ef-ffff-ffff00000663"}]
[35m[HTTP][39m [37m<-- POST /wd/hub/session/f2c7f76d-d162-447a-8647-db23ed4ba5c8/elements [39m[32m200[39m [90m422 ms - 139[39m
[35m[HTTP][39m [90m[39m
[35m[HTTP][39m [37m-->[39m [37mPOST[39m [37m/wd/hub/session/f2c7f76d-d162-447a-8647-db23ed4ba5c8/elements[39m
[35m[HTTP][39m [90m{"using":"xpath","value":"//*[@class = 'android.widget.TextView' and (@text = '$5.99' or . = '$5.99') and @resource-id = 'com.saucelabs.mydemoapp.android:id/amountTV']"}[39m
[debug] [35m[W3C (f2c7f76d)][39m Calling AppiumDriver.findElements() with args: ["xpath","//*[@class = 'android.widget.TextView' and (@text = '$5.99' or . = '$5.99') and @resource-id = 'com.saucelabs.mydemoapp.android:id/amountTV']","f2c7f76d-d162-447a-8647-db23ed4ba5c8"]
[debug] [35m[BaseDriver][39m Valid locator strategies for this request: xpath, id, class name, accessibility id, css selector, -android uiautomator
[debug] [35m[BaseDriver][39m Waiting up to 60000 ms for condition
[debug] [35m[WD Proxy][39m Matched '/elements' to command name 'findElements'
[debug] [35m[WD Proxy][39m Proxying [POST /elements] to [POST http://127.0.0.1:8298/wd/hub/session/4ab9e1a6-4f2b-44fb-a950-1b4f1e735464/elements] with body: {"strategy":"xpath","selector":"//*[@class = 'android.widget.TextView' and (@text = '$5.99' or . = '$5.99') and @resource-id = 'com.saucelabs.mydemoapp.android:id/amountTV']","context":"","multiple":true}
[debug] [35m[WD Proxy][39m Got response with status 200: {"sessionId":"4ab9e1a6-4f2b-44fb-a950-1b4f1e735464","value":[{"ELEMENT":"00000000-0000-03ef-ffff-ffff00000664","element-6066-11e4-a52e-4f735466cecf":"00000000-0000-03ef-ffff-ffff00000664"}]}
[debug] [35m[W3C (f2c7f76d)][39m Responding to client with driver.findElements() result: [{"element-6066-11e4-a52e-4f735466cecf":"00000000-0000-03ef-ffff-ffff00000664","ELEMENT":"00000000-0000-03ef-ffff-ffff00000664"}]
[35m[HTTP][39m [37m<-- POST /wd/hub/session/f2c7f76d-d162-447a-8647-db23ed4ba5c8/elements [39m[32m200[39m [90m200 ms - 139[39m
[35m[HTTP][39m [90m[39m
[35m[HTTP][39m [37m-->[39m [37mPOST[39m [37m/wd/hub/session/f2c7f76d-d162-447a-8647-db23ed4ba5c8/elements[39m
[35m[HTTP][39m [90m{"using":"xpath","value":"//*[@class = 'android.widget.TextView' and (@text = 'Estimated to arrive within 3 weeks.' or . = 'Estimated to arrive within 3 weeks.') and @resource-id = 'com.saucelabs.mydemoapp.android:id/arrivalTV']"}[39m
[debug] [35m[W3C (f2c7f76d)][39m Calling AppiumDriver.findElements() with args: ["xpath","//*[@class = 'android.widget.TextView' and (@text = 'Estimated to arrive within 3 weeks.' or . = 'Estimated to arrive within 3 weeks.') and @resource-id = 'com.saucelabs.mydemoapp.android:id/arrivalTV']","f2c7f76d-d162-447a-8647-db23ed4ba5c8"]
[debug] [35m[BaseDriver][39m Valid locator strategies for this request: xpath, id, class name, accessibility id, css selector, -android uiautomator
[debug] [35m[BaseDriver][39m Waiting up to 60000 ms for condition
[debug] [35m[WD Proxy][39m Matched '/elements' to command name 'findElements'
[debug] [35m[WD Proxy][39m Proxying [POST /elements] to [POST http://127.0.0.1:8298/wd/hub/session/4ab9e1a6-4f2b-44fb-a950-1b4f1e735464/elements] with body: {"strategy":"xpath","selector":"//*[@class = 'android.widget.TextView' and (@text = 'Estimated to arrive within 3 weeks.' or . = 'Estimated to arrive within 3 weeks.') and @resource-id = 'com.saucelabs.mydemoapp.android:id/arrivalTV']","context":"","multiple":true}
[debug] [35m[WD Proxy][39m Got response with status 200: {"sessionId":"4ab9e1a6-4f2b-44fb-a950-1b4f1e735464","value":[{"ELEMENT":"00000000-0000-03ef-ffff-ffff00000665","element-6066-11e4-a52e-4f735466cecf":"00000000-0000-03ef-ffff-ffff00000665"}]}
[debug] [35m[W3C (f2c7f76d)][39m Responding to client with driver.findElements() result: [{"element-6066-11e4-a52e-4f735466cecf":"00000000-0000-03ef-ffff-ffff00000665","ELEMENT":"00000000-0000-03ef-ffff-ffff00000665"}]
[35m[HTTP][39m [37m<-- POST /wd/hub/session/f2c7f76d-d162-447a-8647-db23ed4ba5c8/elements [39m[32m200[39m [90m308 ms - 139[39m
[35m[HTTP][39m [90m[39m
[35m[HTTP][39m [37m-->[39m [37mDELETE[39m [37m/wd/hub/session/f2c7f76d-d162-447a-8647-db23ed4ba5c8[39m
[35m[HTTP][39m [90m{}[39m
[debug] [35m[W3C (f2c7f76d)][39m Calling AppiumDriver.deleteSession() with args: ["f2c7f76d-d162-447a-8647-db23ed4ba5c8"]
[debug] [35m[BaseDriver][39m Event 'quitSessionRequested' logged at 1669301696630 (21:54:56 GMT+0700 (Western Indonesia Time))
[35m[Appium][39m Removing session f2c7f76d-d162-447a-8647-db23ed4ba5c8 from our master session list
[debug] [35m[UiAutomator2][39m Deleting UiAutomator2 session
[debug] [35m[UiAutomator2][39m Deleting UiAutomator2 server session
[debug] [35m[WD Proxy][39m Matched '/' to command name 'deleteSession'
[debug] [35m[WD Proxy][39m Proxying [DELETE /] to [DELETE http://127.0.0.1:8298/wd/hub/session/4ab9e1a6-4f2b-44fb-a950-1b4f1e735464] with no body
[debug] [35m[WD Proxy][39m Got response with status 200: {"sessionId":"4ab9e1a6-4f2b-44fb-a950-1b4f1e735464","value":null}
[debug] [35m[ADB][39m Running '/Users/zalfasas/.katalon/tools/android_sdk/platform-tools/adb -P 5037 -s RSSWBMONAAWOSKR4 shell am force-stop com.android.settings'
[debug] [35m[Logcat][39m Stopping logcat capture
[debug] [35m[ADB][39m Removing forwarded port socket connection: 8298 
[debug] [35m[ADB][39m Running '/Users/zalfasas/.katalon/tools/android_sdk/platform-tools/adb -P 5037 -s RSSWBMONAAWOSKR4 forward --remove tcp:8298'
[35m[UiAutomator2][39m Restoring hidden api policy to the device default configuration
[debug] [35m[ADB][39m Running '/Users/zalfasas/.katalon/tools/android_sdk/platform-tools/adb -P 5037 -s RSSWBMONAAWOSKR4 shell 'settings delete global hidden_api_policy_pre_p_apps;settings delete global hidden_api_policy_p_apps;settings delete global hidden_api_policy''
[debug] [35m[BaseDriver][39m Event 'quitSessionFinished' logged at 1669301719968 (21:55:19 GMT+0700 (Western Indonesia Time))
[debug] [35m[W3C (f2c7f76d)][39m Received response: null
[debug] [35m[W3C (f2c7f76d)][39m But deleting session, so not returning
[debug] [35m[W3C (f2c7f76d)][39m Responding to client with driver.deleteSession() result: null
[35m[HTTP][39m [37m<-- DELETE /wd/hub/session/f2c7f76d-d162-447a-8647-db23ed4ba5c8 [39m[32m200[39m [90m23341 ms - 14[39m
[35m[HTTP][39m [90m[39m
